174395273 reads; of these:
  174395273 (100.00%) were paired; of these:
    129024148 (73.98%) aligned concordantly 0 times
    29114156 (16.69%) aligned concordantly exactly 1 time
    16256969 (9.32%) aligned concordantly >1 times
    ----
    129024148 pairs aligned concordantly 0 times; of these:
      12017189 (9.31%) aligned discordantly 1 time
    ----
    117006959 pairs aligned 0 times concordantly or discordantly; of these:
      234013918 mates make up the pairs; of these:
        189664125 (81.05%) aligned 0 times
        19037625 (8.14%) aligned exactly 1 time
        25312168 (10.82%) aligned >1 times
45.62% overall alignment rate
191035216 reads; of these:
  191035216 (100.00%) were paired; of these:
    147007397 (76.95%) aligned concordantly 0 times
    21538360 (11.27%) aligned concordantly exactly 1 time
    22489459 (11.77%) aligned concordantly >1 times
    ----
    147007397 pairs aligned concordantly 0 times; of these:
      13109990 (8.92%) aligned discordantly 1 time
    ----
    133897407 pairs aligned 0 times concordantly or discordantly; of these:
      267794814 mates make up the pairs; of these:
        193195875 (72.14%) aligned 0 times
        26940608 (10.06%) aligned exactly 1 time
        47658331 (17.80%) aligned >1 times
49.43% overall alignment rate
